[0.515s] DEBUG:colcon:Command line arguments: ['/usr/bin/colcon', 'build']
[0.515s] DEBUG:colcon:Parsed command line arguments: Namespace(log_base=None, log_level=None, verb_name='build', build_base='build', install_base='install', merge_install=False, symlink_install=False, test_result_base=None, continue_on_error=False, executor='parallel', parallel_workers=8, event_handlers=None, ignore_user_meta=False, metas=['./colcon.meta'], base_paths=['.'], packages_ignore=None, packages_ignore_regex=None, paths=None, packages_up_to=None, packages_up_to_regex=None, packages_above=None, packages_above_and_dependencies=None, packages_above_depth=None, packages_select_by_dep=None, packages_skip_by_dep=None, packages_skip_up_to=None, packages_select_build_failed=False, packages_skip_build_finished=False, packages_select_test_failures=False, packages_skip_test_passed=False, packages_select=None, packages_skip=None, packages_select_regex=None, packages_skip_regex=None, packages_start=None, packages_end=None, allow_overriding=[], cmake_args=None, cmake_target=None, cmake_target_skip_unavailable=False, cmake_clean_cache=False, cmake_clean_first=False, cmake_force_configure=False, ament_cmake_args=None, catkin_cmake_args=None, catkin_skip_building_tests=False, mixin_files=None, mixin=None, verb_parser=<colcon_mixin.mixin.mixin_argument.MixinArgumentDecorator object at 0x7eff70ec5150>, verb_extension=<colcon_core.verb.build.BuildVerb object at 0x7eff70e42aa0>, main=<bound method BuildVerb.main of <colcon_core.verb.build.BuildVerb object at 0x7eff70e42aa0>>, mixin_verb=('build',))
[0.956s] Level 1:colcon.colcon_core.package_discovery:discover_packages(colcon_meta) check parameters
[0.956s] Level 1:colcon.colcon_core.package_discovery:discover_packages(recursive) check parameters
[0.956s] Level 1:colcon.colcon_core.package_discovery:discover_packages(ignore) check parameters
[0.956s] Level 1:colcon.colcon_core.package_discovery:discover_packages(path) check parameters
[0.956s] Level 1:colcon.colcon_core.package_discovery:discover_packages(colcon_meta) discover
[0.956s] Level 1:colcon.colcon_core.package_discovery:discover_packages(recursive) discover
[0.956s] INFO:colcon.colcon_core.package_discovery:Crawling recursively for packages in '/home/unietaravena/Documents/aprendendo_ros2_2_2026/aprendendo_ros2_2_2026'
[0.956s] Level 1:colcon.colcon_core.package_identification:_identify(.) by extensions ['ignore', 'ignore_ament_install']
[0.956s] Level 1:colcon.colcon_core.package_identification:_identify(.) by extension 'ignore'
[0.956s] Level 1:colcon.colcon_core.package_identification:_identify(.) by extension 'ignore_ament_install'
[0.956s] Level 1:colcon.colcon_core.package_identification:_identify(.) by extensions ['colcon_pkg']
[0.956s] Level 1:colcon.colcon_core.package_identification:_identify(.) by extension 'colcon_pkg'
[0.956s] Level 1:colcon.colcon_core.package_identification:_identify(.) by extensions ['colcon_meta']
[0.956s] Level 1:colcon.colcon_core.package_identification:_identify(.) by extension 'colcon_meta'
[0.957s] Level 1:colcon.colcon_core.package_identification:_identify(.) by extensions ['ros']
[0.957s] Level 1:colcon.colcon_core.package_identification:_identify(.) by extension 'ros'
[0.981s] Level 1:colcon.colcon_core.package_identification:_identify(.) by extensions ['cmake', 'python']
[0.981s] Level 1:colcon.colcon_core.package_identification:_identify(.) by extension 'cmake'
[0.982s] Level 1:colcon.colcon_core.package_identification:_identify(.) by extension 'python'
[0.982s] Level 1:colcon.colcon_core.package_identification:_identify(.) by extensions ['python_setup_py']
[0.982s] Level 1:colcon.colcon_core.package_identification:_identify(.) by extension 'python_setup_py'
[0.982s] Level 1:colcon.colcon_core.package_identification:_identify(build) by extensions ['ignore', 'ignore_ament_install']
[0.982s] Level 1:colcon.colcon_core.package_identification:_identify(build) by extension 'ignore'
[0.982s] Level 1:colcon.colcon_core.package_identification:_identify(build) ignored
[0.982s] Level 1:colcon.colcon_core.package_identification:_identify(install) by extensions ['ignore', 'ignore_ament_install']
[0.982s] Level 1:colcon.colcon_core.package_identification:_identify(install) by extension 'ignore'
[0.982s] Level 1:colcon.colcon_core.package_identification:_identify(install) ignored
[0.982s] Level 1:colcon.colcon_core.package_identification:_identify(log) by extensions ['ignore', 'ignore_ament_install']
[0.982s] Level 1:colcon.colcon_core.package_identification:_identify(log) by extension 'ignore'
[0.983s] Level 1:colcon.colcon_core.package_identification:_identify(log) ignored
[0.983s] Level 1:colcon.colcon_core.package_identification:_identify(workspace) by extensions ['ignore', 'ignore_ament_install']
[0.983s] Level 1:colcon.colcon_core.package_identification:_identify(workspace) by extension 'ignore'
[0.983s] Level 1:colcon.colcon_core.package_identification:_identify(workspace) by extension 'ignore_ament_install'
[0.983s] Level 1:colcon.colcon_core.package_identification:_identify(workspace) by extensions ['colcon_pkg']
[0.983s] Level 1:colcon.colcon_core.package_identification:_identify(workspace) by extension 'colcon_pkg'
[0.983s] Level 1:colcon.colcon_core.package_identification:_identify(workspace) by extensions ['colcon_meta']
[0.983s] Level 1:colcon.colcon_core.package_identification:_identify(workspace) by extension 'colcon_meta'
[0.983s] Level 1:colcon.colcon_core.package_identification:_identify(workspace) by extensions ['ros']
[0.983s] Level 1:colcon.colcon_core.package_identification:_identify(workspace) by extension 'ros'
[0.983s] Level 1:colcon.colcon_core.package_identification:_identify(workspace) by extensions ['cmake', 'python']
[0.983s] Level 1:colcon.colcon_core.package_identification:_identify(workspace) by extension 'cmake'
[0.983s] Level 1:colcon.colcon_core.package_identification:_identify(workspace) by extension 'python'
[0.983s] Level 1:colcon.colcon_core.package_identification:_identify(workspace) by extensions ['python_setup_py']
[0.983s] Level 1:colcon.colcon_core.package_identification:_identify(workspace) by extension 'python_setup_py'
[0.984s] Level 1:colcon.colcon_core.package_identification:_identify(workspace/src) by extensions ['ignore', 'ignore_ament_install']
[0.984s] Level 1:colcon.colcon_core.package_identification:_identify(workspace/src) by extension 'ignore'
[0.984s] Level 1:colcon.colcon_core.package_identification:_identify(workspace/src) by extension 'ignore_ament_install'
[0.984s] Level 1:colcon.colcon_core.package_identification:_identify(workspace/src) by extensions ['colcon_pkg']
[0.984s] Level 1:colcon.colcon_core.package_identification:_identify(workspace/src) by extension 'colcon_pkg'
[0.984s] Level 1:colcon.colcon_core.package_identification:_identify(workspace/src) by extensions ['colcon_meta']
[0.984s] Level 1:colcon.colcon_core.package_identification:_identify(workspace/src) by extension 'colcon_meta'
[0.984s] Level 1:colcon.colcon_core.package_identification:_identify(workspace/src) by extensions ['ros']
[0.984s] Level 1:colcon.colcon_core.package_identification:_identify(workspace/src) by extension 'ros'
[0.984s] Level 1:colcon.colcon_core.package_identification:_identify(workspace/src) by extensions ['cmake', 'python']
[0.984s] Level 1:colcon.colcon_core.package_identification:_identify(workspace/src) by extension 'cmake'
[0.984s] Level 1:colcon.colcon_core.package_identification:_identify(workspace/src) by extension 'python'
[0.984s] Level 1:colcon.colcon_core.package_identification:_identify(workspace/src) by extensions ['python_setup_py']
[0.984s] Level 1:colcon.colcon_core.package_identification:_identify(workspace/src) by extension 'python_setup_py'
[0.984s] Level 1:colcon.colcon_core.package_identification:_identify(workspace/src/probabilistica) by extensions ['ignore', 'ignore_ament_install']
[0.984s] Level 1:colcon.colcon_core.package_identification:_identify(workspace/src/probabilistica) by extension 'ignore'
[0.985s] Level 1:colcon.colcon_core.package_identification:_identify(workspace/src/probabilistica) by extension 'ignore_ament_install'
[0.985s] Level 1:colcon.colcon_core.package_identification:_identify(workspace/src/probabilistica) by extensions ['colcon_pkg']
[0.985s] Level 1:colcon.colcon_core.package_identification:_identify(workspace/src/probabilistica) by extension 'colcon_pkg'
[0.985s] Level 1:colcon.colcon_core.package_identification:_identify(workspace/src/probabilistica) by extensions ['colcon_meta']
[0.985s] Level 1:colcon.colcon_core.package_identification:_identify(workspace/src/probabilistica) by extension 'colcon_meta'
[0.985s] Level 1:colcon.colcon_core.package_identification:_identify(workspace/src/probabilistica) by extensions ['ros']
[0.985s] Level 1:colcon.colcon_core.package_identification:_identify(workspace/src/probabilistica) by extension 'ros'
[0.989s] DEBUG:colcon.colcon_core.package_identification:Package 'workspace/src/probabilistica' with type 'ros.ament_python' and name 'probabilistica'
[0.989s] Level 1:colcon.colcon_core.package_identification:_identify(workspace/worlds) by extensions ['ignore', 'ignore_ament_install']
[0.989s] Level 1:colcon.colcon_core.package_identification:_identify(workspace/worlds) by extension 'ignore'
[0.989s] Level 1:colcon.colcon_core.package_identification:_identify(workspace/worlds) by extension 'ignore_ament_install'
[0.989s] Level 1:colcon.colcon_core.package_identification:_identify(workspace/worlds) by extensions ['colcon_pkg']
[0.989s] Level 1:colcon.colcon_core.package_identification:_identify(workspace/worlds) by extension 'colcon_pkg'
[0.989s] Level 1:colcon.colcon_core.package_identification:_identify(workspace/worlds) by extensions ['colcon_meta']
[0.989s] Level 1:colcon.colcon_core.package_identification:_identify(workspace/worlds) by extension 'colcon_meta'
[0.989s] Level 1:colcon.colcon_core.package_identification:_identify(workspace/worlds) by extensions ['ros']
[0.989s] Level 1:colcon.colcon_core.package_identification:_identify(workspace/worlds) by extension 'ros'
[0.989s] Level 1:colcon.colcon_core.package_identification:_identify(workspace/worlds) by extensions ['cmake', 'python']
[0.989s] Level 1:colcon.colcon_core.package_identification:_identify(workspace/worlds) by extension 'cmake'
[0.989s] Level 1:colcon.colcon_core.package_identification:_identify(workspace/worlds) by extension 'python'
[0.990s] Level 1:colcon.colcon_core.package_identification:_identify(workspace/worlds) by extensions ['python_setup_py']
[0.990s] Level 1:colcon.colcon_core.package_identification:_identify(workspace/worlds) by extension 'python_setup_py'
[0.990s] Level 1:colcon.colcon_core.package_identification:_identify(workspace/worlds/models) by extensions ['ignore', 'ignore_ament_install']
[0.990s] Level 1:colcon.colcon_core.package_identification:_identify(workspace/worlds/models) by extension 'ignore'
[0.990s] Level 1:colcon.colcon_core.package_identification:_identify(workspace/worlds/models) by extension 'ignore_ament_install'
[0.990s] Level 1:colcon.colcon_core.package_identification:_identify(workspace/worlds/models) by extensions ['colcon_pkg']
[0.990s] Level 1:colcon.colcon_core.package_identification:_identify(workspace/worlds/models) by extension 'colcon_pkg'
[0.990s] Level 1:colcon.colcon_core.package_identification:_identify(workspace/worlds/models) by extensions ['colcon_meta']
[0.990s] Level 1:colcon.colcon_core.package_identification:_identify(workspace/worlds/models) by extension 'colcon_meta'
[0.990s] Level 1:colcon.colcon_core.package_identification:_identify(workspace/worlds/models) by extensions ['ros']
[0.990s] Level 1:colcon.colcon_core.package_identification:_identify(workspace/worlds/models) by extension 'ros'
[0.990s] Level 1:colcon.colcon_core.package_identification:_identify(workspace/worlds/models) by extensions ['cmake', 'python']
[0.990s] Level 1:colcon.colcon_core.package_identification:_identify(workspace/worlds/models) by extension 'cmake'
[0.990s] Level 1:colcon.colcon_core.package_identification:_identify(workspace/worlds/models) by extension 'python'
[0.990s] Level 1:colcon.colcon_core.package_identification:_identify(workspace/worlds/models) by extensions ['python_setup_py']
[0.990s] Level 1:colcon.colcon_core.package_identification:_identify(workspace/worlds/models) by extension 'python_setup_py'
[0.991s] Level 1:colcon.colcon_core.package_discovery:discover_packages(recursive) using defaults
[0.991s] Level 1:colcon.colcon_core.package_discovery:discover_packages(ignore) discover
[0.991s] Level 1:colcon.colcon_core.package_discovery:discover_packages(ignore) using defaults
[0.991s] Level 1:colcon.colcon_core.package_discovery:discover_packages(path) discover
[0.991s] Level 1:colcon.colcon_core.package_discovery:discover_packages(path) using defaults
[1.036s] Level 1:colcon.colcon_core.package_discovery:discover_packages(prefix_path) check parameters
[1.036s] Level 1:colcon.colcon_core.package_discovery:discover_packages(prefix_path) discover
[1.044s] DEBUG:colcon.colcon_installed_package_information.package_discovery:Found 391 installed packages in /opt/ros/humble
[1.046s] Level 1:colcon.colcon_core.package_discovery:discover_packages(prefix_path) using defaults
[1.096s] Level 5:colcon.colcon_core.verb:set package 'probabilistica' build argument 'cmake_args' from command line to 'None'
[1.096s] Level 5:colcon.colcon_core.verb:set package 'probabilistica' build argument 'cmake_target' from command line to 'None'
[1.097s] Level 5:colcon.colcon_core.verb:set package 'probabilistica' build argument 'cmake_target_skip_unavailable' from command line to 'False'
[1.097s] Level 5:colcon.colcon_core.verb:set package 'probabilistica' build argument 'cmake_clean_cache' from command line to 'False'
[1.097s] Level 5:colcon.colcon_core.verb:set package 'probabilistica' build argument 'cmake_clean_first' from command line to 'False'
[1.097s] Level 5:colcon.colcon_core.verb:set package 'probabilistica' build argument 'cmake_force_configure' from command line to 'False'
[1.097s] Level 5:colcon.colcon_core.verb:set package 'probabilistica' build argument 'ament_cmake_args' from command line to 'None'
[1.097s] Level 5:colcon.colcon_core.verb:set package 'probabilistica' build argument 'catkin_cmake_args' from command line to 'None'
[1.097s] Level 5:colcon.colcon_core.verb:set package 'probabilistica' build argument 'catkin_skip_building_tests' from command line to 'False'
[1.097s] DEBUG:colcon.colcon_core.verb:Building package 'probabilistica' with the following arguments: {'ament_cmake_args': None, 'build_base': '/home/unietaravena/Documents/aprendendo_ros2_2_2026/aprendendo_ros2_2_2026/build/probabilistica', 'catkin_cmake_args': None, 'catkin_skip_building_tests': False, 'cmake_args': None, 'cmake_clean_cache': False, 'cmake_clean_first': False, 'cmake_force_configure': False, 'cmake_target': None, 'cmake_target_skip_unavailable': False, 'install_base': '/home/unietaravena/Documents/aprendendo_ros2_2_2026/aprendendo_ros2_2_2026/install/probabilistica', 'merge_install': False, 'path': '/home/unietaravena/Documents/aprendendo_ros2_2_2026/aprendendo_ros2_2_2026/workspace/src/probabilistica', 'symlink_install': False, 'test_result_base': None}
[1.097s] INFO:colcon.colcon_core.executor:Executing jobs using 'parallel' executor
[1.098s] DEBUG:colcon.colcon_parallel_executor.executor.parallel:run_until_complete
[1.098s] INFO:colcon.colcon_ros.task.ament_python.build:Building ROS package in '/home/unietaravena/Documents/aprendendo_ros2_2_2026/aprendendo_ros2_2_2026/workspace/src/probabilistica' with build type 'ament_python'
[1.098s] Level 1:colcon.colcon_core.shell:create_environment_hook('probabilistica', 'ament_prefix_path')
[1.104s] INFO:colcon.colcon_core.plugin_system:Skipping extension 'colcon_core.shell.bat': Not used on non-Windows systems
[1.104s] INFO:colcon.colcon_core.shell:Creating environment hook '/home/unietaravena/Documents/aprendendo_ros2_2_2026/aprendendo_ros2_2_2026/install/probabilistica/share/probabilistica/hook/ament_prefix_path.ps1'
[1.106s] INFO:colcon.colcon_core.shell:Creating environment descriptor '/home/unietaravena/Documents/aprendendo_ros2_2_2026/aprendendo_ros2_2_2026/install/probabilistica/share/probabilistica/hook/ament_prefix_path.dsv'
[1.107s] INFO:colcon.colcon_core.shell:Creating environment hook '/home/unietaravena/Documents/aprendendo_ros2_2_2026/aprendendo_ros2_2_2026/install/probabilistica/share/probabilistica/hook/ament_prefix_path.sh'
[1.108s] INFO:colcon.colcon_core.shell:Skip shell extension 'powershell' for command environment: Not usable outside of PowerShell
[1.108s] DEBUG:colcon.colcon_core.shell:Skip shell extension 'dsv' for command environment
[1.444s] INFO:colcon.colcon_core.task.python.build:Building Python package in '/home/unietaravena/Documents/aprendendo_ros2_2_2026/aprendendo_ros2_2_2026/workspace/src/probabilistica'
[1.444s] INFO:colcon.colcon_core.shell:Skip shell extension 'powershell' for command environment: Not usable outside of PowerShell
[1.444s] DEBUG:colcon.colcon_core.shell:Skip shell extension 'dsv' for command environment
[2.192s] DEBUG:colcon.colcon_core.event_handler.log_command:Invoking command in '/home/unietaravena/Documents/aprendendo_ros2_2_2026/aprendendo_ros2_2_2026/workspace/src/probabilistica': PYTHONPATH=/home/unietaravena/Documents/aprendendo_ros2_2_2026/aprendendo_ros2_2_2026/build/probabilistica/prefix_override:/usr/lib/python3/dist-packages/colcon_core/task/python/colcon_distutils_commands:/home/unietaravena/Documents/aprendendo_ros2_2_2026/aprendendo_ros2_2_2026/install/probabilistica/lib/python3.10/site-packages:${PYTHONPATH} /usr/bin/python3 -W ignore:setup.py install is deprecated setup.py egg_info --egg-base ../../../build/probabilistica build --build-base /home/unietaravena/Documents/aprendendo_ros2_2_2026/aprendendo_ros2_2_2026/build/probabilistica/build install --record /home/unietaravena/Documents/aprendendo_ros2_2_2026/aprendendo_ros2_2_2026/build/probabilistica/install.log --single-version-externally-managed install_data
[2.587s] DEBUG:colcon.colcon_core.event_handler.log_command:Invoked command in '/home/unietaravena/Documents/aprendendo_ros2_2_2026/aprendendo_ros2_2_2026/workspace/src/probabilistica' returned '0': PYTHONPATH=/home/unietaravena/Documents/aprendendo_ros2_2_2026/aprendendo_ros2_2_2026/build/probabilistica/prefix_override:/usr/lib/python3/dist-packages/colcon_core/task/python/colcon_distutils_commands:/home/unietaravena/Documents/aprendendo_ros2_2_2026/aprendendo_ros2_2_2026/install/probabilistica/lib/python3.10/site-packages:${PYTHONPATH} /usr/bin/python3 -W ignore:setup.py install is deprecated setup.py egg_info --egg-base ../../../build/probabilistica build --build-base /home/unietaravena/Documents/aprendendo_ros2_2_2026/aprendendo_ros2_2_2026/build/probabilistica/build install --record /home/unietaravena/Documents/aprendendo_ros2_2_2026/aprendendo_ros2_2_2026/build/probabilistica/install.log --single-version-externally-managed install_data
[2.596s] Level 1:colcon.colcon_core.environment:checking '/home/unietaravena/Documents/aprendendo_ros2_2_2026/aprendendo_ros2_2_2026/install/probabilistica' for CMake module files
[2.597s] Level 1:colcon.colcon_core.environment:checking '/home/unietaravena/Documents/aprendendo_ros2_2_2026/aprendendo_ros2_2_2026/install/probabilistica' for CMake config files
[2.598s] Level 1:colcon.colcon_core.environment:checking '/home/unietaravena/Documents/aprendendo_ros2_2_2026/aprendendo_ros2_2_2026/install/probabilistica/lib'
[2.598s] Level 1:colcon.colcon_core.environment:checking '/home/unietaravena/Documents/aprendendo_ros2_2_2026/aprendendo_ros2_2_2026/install/probabilistica/bin'
[2.598s] Level 1:colcon.colcon_core.environment:checking '/home/unietaravena/Documents/aprendendo_ros2_2_2026/aprendendo_ros2_2_2026/install/probabilistica/lib/pkgconfig/probabilistica.pc'
[2.598s] Level 1:colcon.colcon_core.environment:checking '/home/unietaravena/Documents/aprendendo_ros2_2_2026/aprendendo_ros2_2_2026/install/probabilistica/lib/python3.10/site-packages'
[2.598s] Level 1:colcon.colcon_core.shell:create_environment_hook('probabilistica', 'pythonpath')
[2.599s] INFO:colcon.colcon_core.shell:Creating environment hook '/home/unietaravena/Documents/aprendendo_ros2_2_2026/aprendendo_ros2_2_2026/install/probabilistica/share/probabilistica/hook/pythonpath.ps1'
[2.599s] INFO:colcon.colcon_core.shell:Creating environment descriptor '/home/unietaravena/Documents/aprendendo_ros2_2_2026/aprendendo_ros2_2_2026/install/probabilistica/share/probabilistica/hook/pythonpath.dsv'
[2.599s] INFO:colcon.colcon_core.shell:Creating environment hook '/home/unietaravena/Documents/aprendendo_ros2_2_2026/aprendendo_ros2_2_2026/install/probabilistica/share/probabilistica/hook/pythonpath.sh'
[2.600s] Level 1:colcon.colcon_core.environment:checking '/home/unietaravena/Documents/aprendendo_ros2_2_2026/aprendendo_ros2_2_2026/install/probabilistica/bin'
[2.600s] Level 1:colcon.colcon_core.environment:create_environment_scripts_only(probabilistica)
[2.601s] INFO:colcon.colcon_core.shell:Creating package script '/home/unietaravena/Documents/aprendendo_ros2_2_2026/aprendendo_ros2_2_2026/install/probabilistica/share/probabilistica/package.ps1'
[2.602s] INFO:colcon.colcon_core.shell:Creating package descriptor '/home/unietaravena/Documents/aprendendo_ros2_2_2026/aprendendo_ros2_2_2026/install/probabilistica/share/probabilistica/package.dsv'
[2.603s] INFO:colcon.colcon_core.shell:Creating package script '/home/unietaravena/Documents/aprendendo_ros2_2_2026/aprendendo_ros2_2_2026/install/probabilistica/share/probabilistica/package.sh'
[2.604s] INFO:colcon.colcon_core.shell:Creating package script '/home/unietaravena/Documents/aprendendo_ros2_2_2026/aprendendo_ros2_2_2026/install/probabilistica/share/probabilistica/package.bash'
[2.605s] INFO:colcon.colcon_core.shell:Creating package script '/home/unietaravena/Documents/aprendendo_ros2_2_2026/aprendendo_ros2_2_2026/install/probabilistica/share/probabilistica/package.zsh'
[2.606s] Level 1:colcon.colcon_core.environment:create_file_with_runtime_dependencies(/home/unietaravena/Documents/aprendendo_ros2_2_2026/aprendendo_ros2_2_2026/install/probabilistica/share/colcon-core/packages/probabilistica)
[2.606s] DEBUG:colcon.colcon_parallel_executor.executor.parallel:closing loop
[2.607s] DEBUG:colcon.colcon_parallel_executor.executor.parallel:loop closed
[2.607s] DEBUG:colcon.colcon_parallel_executor.executor.parallel:run_until_complete finished with '0'
[2.607s] DEBUG:colcon.colcon_core.event_reactor:joining thread
[2.613s] INFO:colcon.colcon_core.plugin_system:Skipping extension 'colcon_notification.desktop_notification.terminal_notifier': Not used on non-Darwin systems
[2.613s] INFO:colcon.colcon_core.plugin_system:Skipping extension 'colcon_notification.desktop_notification.win32': Not used on non-Windows systems
[2.614s] INFO:colcon.colcon_notification.desktop_notification:Sending desktop notification using 'notify2'
[2.615s] DEBUG:colcon.colcon_notification.desktop_notification.notify2:Failed to initialize notify2: org.freedesktop.DBus.Error.ServiceUnknown: The name org.freedesktop.Notifications was not provided by any .service files
[2.616s] DEBUG:colcon.colcon_core.event_reactor:joined thread
[2.616s] INFO:colcon.colcon_core.shell:Creating prefix script '/home/unietaravena/Documents/aprendendo_ros2_2_2026/aprendendo_ros2_2_2026/install/local_setup.ps1'
[2.617s] INFO:colcon.colcon_core.shell:Creating prefix util module '/home/unietaravena/Documents/aprendendo_ros2_2_2026/aprendendo_ros2_2_2026/install/_local_setup_util_ps1.py'
[2.619s] INFO:colcon.colcon_core.shell:Creating prefix chain script '/home/unietaravena/Documents/aprendendo_ros2_2_2026/aprendendo_ros2_2_2026/install/setup.ps1'
[2.620s] INFO:colcon.colcon_core.shell:Creating prefix script '/home/unietaravena/Documents/aprendendo_ros2_2_2026/aprendendo_ros2_2_2026/install/local_setup.sh'
[2.621s] INFO:colcon.colcon_core.shell:Creating prefix util module '/home/unietaravena/Documents/aprendendo_ros2_2_2026/aprendendo_ros2_2_2026/install/_local_setup_util_sh.py'
[2.622s] INFO:colcon.colcon_core.shell:Creating prefix chain script '/home/unietaravena/Documents/aprendendo_ros2_2_2026/aprendendo_ros2_2_2026/install/setup.sh'
[2.623s] INFO:colcon.colcon_core.shell:Creating prefix script '/home/unietaravena/Documents/aprendendo_ros2_2_2026/aprendendo_ros2_2_2026/install/local_setup.bash'
[2.624s] INFO:colcon.colcon_core.shell:Creating prefix chain script '/home/unietaravena/Documents/aprendendo_ros2_2_2026/aprendendo_ros2_2_2026/install/setup.bash'
[2.625s] INFO:colcon.colcon_core.shell:Creating prefix script '/home/unietaravena/Documents/aprendendo_ros2_2_2026/aprendendo_ros2_2_2026/install/local_setup.zsh'
[2.626s] INFO:colcon.colcon_core.shell:Creating prefix chain script '/home/unietaravena/Documents/aprendendo_ros2_2_2026/aprendendo_ros2_2_2026/install/setup.zsh'
